Using pre-set license
Built from '2022.3/staging' branch; Version is '2022.3.37f1 (340ba89e4c23) revision 3410856'; Using compiler version '192829333'; Build Type 'Release'
OS: 'Windows 11  (10.0.22631) 64bit Core' Language: 'en' Physical Memory: 15557 MB
BatchMode: 1, IsHumanControllingUs: 0, StartBugReporterOnCrash: 0, Is64bit: 1, IsPro: 1

COMMAND LINE ARGUMENTS:
C:\Program Files\Unity\Hub\Editor\2022.3.37f1\Editor\Unity.exe
-adb2
-batchMode
-noUpm
-name
AssetImportWorker1
-projectPath
C:/Users/rhy5g/Documents/GMTKJam_24/GMTK24
-logFile
Logs/AssetImportWorker1.log
-srvPort
49330
Successfully changed project path to: C:/Users/rhy5g/Documents/GMTKJam_24/GMTK24
C:/Users/rhy5g/Documents/GMTKJam_24/GMTK24
[UnityMemory] Configuration Parameters - Can be set up in boot.config
    "memorysetup-bucket-allocator-granularity=16"
    "memorysetup-bucket-allocator-bucket-count=8"
    "memorysetup-bucket-allocator-block-size=33554432"
    "memorysetup-bucket-allocator-block-count=8"
    "memorysetup-main-allocator-block-size=16777216"
    "memorysetup-thread-allocator-block-size=16777216"
    "memorysetup-gfx-main-allocator-block-size=16777216"
    "memorysetup-gfx-thread-allocator-block-size=16777216"
    "memorysetup-cache-allocator-block-size=4194304"
    "memorysetup-typetree-allocator-block-size=2097152"
    "memorysetup-profiler-bucket-allocator-granularity=16"
    "memorysetup-profiler-bucket-allocator-bucket-count=8"
    "memorysetup-profiler-bucket-allocator-block-size=33554432"
    "memorysetup-profiler-bucket-allocator-block-count=8"
    "memorysetup-profiler-allocator-block-size=16777216"
    "memorysetup-profiler-editor-allocator-block-size=1048576"
    "memorysetup-temp-allocator-size-main=16777216"
    "memorysetup-job-temp-allocator-block-size=2097152"
    "memorysetup-job-temp-allocator-block-size-background=1048576"
    "memorysetup-job-temp-allocator-reduction-small-platforms=262144"
    "memorysetup-allocator-temp-initial-block-size-main=262144"
    "memorysetup-allocator-temp-initial-block-size-worker=262144"
    "memorysetup-temp-allocator-size-background-worker=32768"
    "memorysetup-temp-allocator-size-job-worker=262144"
    "memorysetup-temp-allocator-size-preload-manager=33554432"
    "memorysetup-temp-allocator-size-nav-mesh-worker=65536"
    "memorysetup-temp-allocator-size-audio-worker=65536"
    "memorysetup-temp-allocator-size-cloud-worker=32768"
    "memorysetup-temp-allocator-size-gi-baking-worker=262144"
    "memorysetup-temp-allocator-size-gfx=262144"
Player connection [24180] Host "[IP] 10.0.0.11 [Port] 0 [Flags] 2 [Guid] 1452635248 [EditorId] 1452635248 [Version] 1048832 [Id] WindowsEditor(7,Rhytop) [Debug] 1 [PackageName] WindowsEditor [ProjectName] Editor" joined multi-casting on [225.0.0.222:54997]...

Player connection [24180] Host "[IP] 10.0.0.11 [Port] 0 [Flags] 2 [Guid] 1452635248 [EditorId] 1452635248 [Version] 1048832 [Id] WindowsEditor(7,Rhytop) [Debug] 1 [PackageName] WindowsEditor [ProjectName] Editor" joined alternative multi-casting on [225.0.0.222:34997]...

[PhysX] Initialized MultithreadedTaskDispatcher with 16 workers.
Refreshing native plugins compatible for Editor in 454.56 ms, found 4 plugins.
Preloading 0 native plugins for Editor in 0.00 ms.
Initialize engine version: 2022.3.37f1 (340ba89e4c23)
[Subsystems] Discovering subsystems at path C:/Program Files/Unity/Hub/Editor/2022.3.37f1/Editor/Data/Resources/UnitySubsystems
[Subsystems] Discovering subsystems at path C:/Users/rhy5g/Documents/GMTKJam_24/GMTK24/Assets
GfxDevice: creating device client; threaded=0; jobified=0
Direct3D:
    Version:  Direct3D 11.0 [level 11.1]
    Renderer: NVIDIA GeForce RTX 3050 Laptop GPU (ID=0x25a2)
    Vendor:   NVIDIA
    VRAM:     3977 MB
    Driver:   31.0.15.3770
Initialize mono
Mono path[0] = 'C:/Program Files/Unity/Hub/Editor/2022.3.37f1/Editor/Data/Managed'
Mono path[1] = 'C:/Program Files/Unity/Hub/Editor/2022.3.37f1/Editor/Data/MonoBleedingEdge/lib/mono/unityjit-win32'
Mono config path = 'C:/Program Files/Unity/Hub/Editor/2022.3.37f1/Editor/Data/MonoBleedingEdge/etc'
Using monoOptions --debugger-agent=transport=dt_socket,embedding=1,server=y,suspend=n,address=127.0.0.1:56164
Begin MonoManager ReloadAssembly
Registering precompiled unity dll's ...
Register platform support module: C:/Program Files/Unity/Hub/Editor/2022.3.37f1/Editor/Data/PlaybackEngines/WindowsStandaloneSupport/UnityEditor.WindowsStandalone.Extensions.dll
Registered in 0.012896 seconds.
- Loaded All Assemblies, in  0.385 seconds
Native extension for WindowsStandalone target not found
Mono: successfully reloaded assembly
- Finished resetting the current domain, in  0.234 seconds
Domain Reload Profiling: 615ms
	BeginReloadAssembly (162ms)
		ExecutionOrderSort (0ms)
		DisableScriptedObjects (0ms)
		BackupInstance (0ms)
		ReleaseScriptingObjects (0ms)
		CreateAndSetChildDomain (1ms)
	RebuildCommonClasses (32ms)
	RebuildNativeTypeToScriptingClass (8ms)
	initialDomainReloadingComplete (65ms)
	LoadAllAssembliesAndSetupDomain (114ms)
		LoadAssemblies (159ms)
		RebuildTransferFunctionScriptingTraits (0ms)
		AnalyzeDomain (112ms)
			TypeCache.Refresh (111ms)
				TypeCache.ScanAssembly (100ms)
			ScanForSourceGeneratedMonoScriptInfo (0ms)
			ResolveRequiredComponents (1ms)
	FinalizeReload (234ms)
		ReleaseScriptCaches (0ms)
		RebuildScriptCaches (0ms)
		SetupLoadedEditorAssemblies (186ms)
			LogAssemblyErrors (0ms)
			InitializePlatformSupportModulesInManaged (10ms)
			SetLoadedEditorAssemblies (6ms)
			RefreshPlugins (0ms)
			BeforeProcessingInitializeOnLoad (2ms)
			ProcessInitializeOnLoadAttributes (128ms)
			ProcessInitializeOnLoadMethodAttributes (41ms)
			AfterProcessingInitializeOnLoad (0ms)
			EditorAssembliesLoaded (0ms)
		ExecutionOrderSort2 (0ms)
		AwakeInstancesAfterBackupRestoration (0ms)
========================================================================
Worker process is ready to serve import requests
Begin MonoManager ReloadAssembly
- Loaded All Assemblies, in  0.684 seconds
Refreshing native plugins compatible for Editor in 8.14 ms, found 4 plugins.
Native extension for WindowsStandalone target not found
Package Manager log level set to [2]
[Package Manager] Server::EnsureServerProcessIsRunning -- launch failed, reason: Unity was launched with the -noUpm command-line argument
[Package Manager] UpmClient::Send -- Unable to send message (not connected to UPM process).
[Package Manager] Cannot connect to Unity Package Manager local server
Mono: successfully reloaded assembly
- Finished resetting the current domain, in  0.552 seconds
Domain Reload Profiling: 1228ms
	BeginReloadAssembly (136ms)
		ExecutionOrderSort (0ms)
		DisableScriptedObjects (4ms)
		BackupInstance (0ms)
		ReleaseScriptingObjects (0ms)
		CreateAndSetChildDomain (21ms)
	RebuildCommonClasses (28ms)
	RebuildNativeTypeToScriptingClass (8ms)
	initialDomainReloadingComplete (43ms)
	LoadAllAssembliesAndSetupDomain (460ms)
		LoadAssemblies (406ms)
		RebuildTransferFunctionScriptingTraits (0ms)
		AnalyzeDomain (135ms)
			TypeCache.Refresh (113ms)
				TypeCache.ScanAssembly (101ms)
			ScanForSourceGeneratedMonoScriptInfo (17ms)
			ResolveRequiredComponents (4ms)
	FinalizeReload (553ms)
		ReleaseScriptCaches (0ms)
		RebuildScriptCaches (0ms)
		SetupLoadedEditorAssemblies (416ms)
			LogAssemblyErrors (0ms)
			InitializePlatformSupportModulesInManaged (6ms)
			SetLoadedEditorAssemblies (3ms)
			RefreshPlugins (0ms)
			BeforeProcessingInitializeOnLoad (69ms)
			ProcessInitializeOnLoadAttributes (296ms)
			ProcessInitializeOnLoadMethodAttributes (30ms)
			AfterProcessingInitializeOnLoad (12ms)
			EditorAssembliesLoaded (0ms)
		ExecutionOrderSort2 (0ms)
		AwakeInstancesAfterBackupRestoration (6ms)
Launched and connected shader compiler UnityShaderCompiler.exe after 0.06 seconds
Refreshing native plugins compatible for Editor in 8.82 ms, found 4 plugins.
Preloading 0 native plugins for Editor in 0.00 ms.
Unloading 4036 Unused Serialized files (Serialized files now loaded: 0)
Unloading 65 unused Assets / (61.7 KB). Loaded Objects now: 4496.
Memory consumption went from 141.8 MB to 141.7 MB.
Total: 3.281300 ms (FindLiveObjects: 0.346500 ms CreateObjectMapping: 0.322600 ms MarkObjects: 2.490900 ms  DeleteObjects: 0.120100 ms)

AssetImportParameters requested are different than current active one (requested -> active):
  custom:container-demuxer-ogg: 62fdf1f143b41e24485cea50d1cbac27 -> 
  custom:video-codec-MediaFoundation-h265: 746d11721c4dcdbdad8f713fa42b33f4 -> 
  custom:video-decoder-ogg-theora: a1e56fd34408186e4bbccfd4996cb3dc -> 
  custom:framework-win-MediaFoundation: 216162199b28c13a410421893ffa2e32 -> 
  custom:CustomObjectIndexerAttribute: 9a22284fe3817be447336de3de66b15e -> 
  custom:container-demuxer-webm: 4f35f7cbe854078d1ac9338744f61a02 -> 
  custom:container-muxer-webm: aa71ff27fc2769a1b78a27578f13a17b -> 
  custom:video-decoder-webm-vp8: 9c59270c3fd7afecdb556c50c9e8de78 -> 
  custom:SearchIndexIgnoredProperties: e643bd26f0fe6173181afceb89e7c659 -> 
  custom:AudioImporter_EditorPlatform: d09bf68614088b80899f8185d706f6e7 -> 
  custom:video-encoder-webm-vp8: eb34c28f22e8b96e1ab97ce403110664 -> 
  custom:audio-decoder-ogg-vorbis: bf7c407c2cedff20999df2af8eb42d56 -> 
  custom:audio-encoder-webm-vorbis: bf7c407c2cedff20999df2af8eb42d56 -> 
========================================================================
Received Import Request.
  Time since last request: 234889.718419 seconds.
  path: Assets
  artifactKey: Guid(00000000000000001000000000000000) Importer(815301076,1909f56bfc062723c751e8b465ee728b)
Start importing Assets using Guid(00000000000000001000000000000000) Importer(815301076,1909f56bfc062723c751e8b465ee728b) [PhysX] Initialized MultithreadedTaskDispatcher with 16 workers.
 -> (artifact id: 'ae5280ad91af67e2a353905758f96678') in 0.002371 seconds
Number of updated asset objects reloaded before import = 0
Number of asset objects unloaded after import = 0
========================================================================
Received Import Request.
  Time since last request: 1219.922753 seconds.
  path: Assets/Tiles/tilemap_packed_1.asset
  artifactKey: Guid(f90e6357db19ae846a11ae59abde4751) Importer(815301076,1909f56bfc062723c751e8b465ee728b)
Start importing Assets/Tiles/tilemap_packed_1.asset using Guid(f90e6357db19ae846a11ae59abde4751) Importer(815301076,1909f56bfc062723c751e8b465ee728b) [PhysX] Initialized MultithreadedTaskDispatcher with 16 workers.
 -> (artifact id: '7dc64a268fd027e87daab629b6b74d7b') in 0.104662 seconds
Number of updated asset objects reloaded before import = 0
Number of asset objects unloaded after import = 3
========================================================================
Received Import Request.
  Time since last request: 0.000031 seconds.
  path: Assets/Tiles/tilemap_packed_16.asset
  artifactKey: Guid(f930aac1dee9def4d94c65bf0d49b27b) Importer(815301076,1909f56bfc062723c751e8b465ee728b)
Start importing Assets/Tiles/tilemap_packed_16.asset using Guid(f930aac1dee9def4d94c65bf0d49b27b) Importer(815301076,1909f56bfc062723c751e8b465ee728b) [PhysX] Initialized MultithreadedTaskDispatcher with 16 workers.
 -> (artifact id: 'f1375d47c7889692a3bf0263239a3d49') in 0.016048 seconds
Number of updated asset objects reloaded before import = 0
Number of asset objects unloaded after import = 3
========================================================================
Received Import Request.
  Time since last request: 0.000045 seconds.
  path: Assets/Tiles/tilemap_packed_34.asset
  artifactKey: Guid(1cc2ede7fac3dbb4bbe3ed236b9e80aa) Importer(815301076,1909f56bfc062723c751e8b465ee728b)
Start importing Assets/Tiles/tilemap_packed_34.asset using Guid(1cc2ede7fac3dbb4bbe3ed236b9e80aa) Importer(815301076,1909f56bfc062723c751e8b465ee728b) [PhysX] Initialized MultithreadedTaskDispatcher with 16 workers.
 -> (artifact id: 'c872d2504dd266745aea88f28374f046') in 0.018137 seconds
Number of updated asset objects reloaded before import = 0
Number of asset objects unloaded after import = 3
========================================================================
Received Import Request.
  Time since last request: 0.000021 seconds.
  path: Assets/Tiles/tilemap_packed_35.asset
  artifactKey: Guid(d659a38fd75cec44d954312a371a66aa) Importer(815301076,1909f56bfc062723c751e8b465ee728b)
Start importing Assets/Tiles/tilemap_packed_35.asset using Guid(d659a38fd75cec44d954312a371a66aa) Importer(815301076,1909f56bfc062723c751e8b465ee728b) [PhysX] Initialized MultithreadedTaskDispatcher with 16 workers.
 -> (artifact id: 'ed7d589e833788f234257754a3e659c8') in 0.012494 seconds
Number of updated asset objects reloaded before import = 0
Number of asset objects unloaded after import = 3
========================================================================
Received Import Request.
  Time since last request: 0.000022 seconds.
  path: Assets/Tiles/tilemap_packed_22.asset
  artifactKey: Guid(ee3cecdf7900b9946a989234104e6853) Importer(815301076,1909f56bfc062723c751e8b465ee728b)
Start importing Assets/Tiles/tilemap_packed_22.asset using Guid(ee3cecdf7900b9946a989234104e6853) Importer(815301076,1909f56bfc062723c751e8b465ee728b) [PhysX] Initialized MultithreadedTaskDispatcher with 16 workers.
 -> (artifact id: 'ed091610667dcd91f5e73f13758959e0') in 0.012701 seconds
Number of updated asset objects reloaded before import = 0
Number of asset objects unloaded after import = 3
========================================================================
Received Import Request.
  Time since last request: 0.000021 seconds.
  path: Assets/Tiles/tilemap_packed_18.asset
  artifactKey: Guid(e6a08322a52a6fe4a942c8b5a9e11399) Importer(815301076,1909f56bfc062723c751e8b465ee728b)
Start importing Assets/Tiles/tilemap_packed_18.asset using Guid(e6a08322a52a6fe4a942c8b5a9e11399) Importer(815301076,1909f56bfc062723c751e8b465ee728b) [PhysX] Initialized MultithreadedTaskDispatcher with 16 workers.
 -> (artifact id: '2a519d5850add0e2990c57f9e2bfac09') in 0.010651 seconds
Number of updated asset objects reloaded before import = 0
Number of asset objects unloaded after import = 3
========================================================================
Received Import Request.
  Time since last request: 0.000022 seconds.
  path: Assets/Tiles/tilemap_packed_33.asset
  artifactKey: Guid(309fb4354233e95479dacae047bdc41e) Importer(815301076,1909f56bfc062723c751e8b465ee728b)
Start importing Assets/Tiles/tilemap_packed_33.asset using Guid(309fb4354233e95479dacae047bdc41e) Importer(815301076,1909f56bfc062723c751e8b465ee728b) [PhysX] Initialized MultithreadedTaskDispatcher with 16 workers.
 -> (artifact id: 'b635938a23334260976f99ec45bcea18') in 0.013304 seconds
Number of updated asset objects reloaded before import = 0
Number of asset objects unloaded after import = 3
========================================================================
Received Import Request.
  Time since last request: 0.000021 seconds.
  path: Assets/Tiles/tilemap_packed_29.asset
  artifactKey: Guid(6fb7bbc2132773c47afc8db02cb7c7c3) Importer(815301076,1909f56bfc062723c751e8b465ee728b)
Start importing Assets/Tiles/tilemap_packed_29.asset using Guid(6fb7bbc2132773c47afc8db02cb7c7c3) Importer(815301076,1909f56bfc062723c751e8b465ee728b) [PhysX] Initialized MultithreadedTaskDispatcher with 16 workers.
 -> (artifact id: '007d86ac09e9f636907c47878c76bb43') in 0.012890 seconds
Number of updated asset objects reloaded before import = 0
Number of asset objects unloaded after import = 3
========================================================================
Received Import Request.
  Time since last request: 0.000031 seconds.
  path: Assets/Tiles/tilemap_packed_32.asset
  artifactKey: Guid(a3e3a6181c8a9bb48b225db28c06b116) Importer(815301076,1909f56bfc062723c751e8b465ee728b)
Start importing Assets/Tiles/tilemap_packed_32.asset using Guid(a3e3a6181c8a9bb48b225db28c06b116) Importer(815301076,1909f56bfc062723c751e8b465ee728b) [PhysX] Initialized MultithreadedTaskDispatcher with 16 workers.
 -> (artifact id: '52fc9d048f49938721e3820b718ac948') in 0.012666 seconds
Number of updated asset objects reloaded before import = 0
Number of asset objects unloaded after import = 3
========================================================================
Received Import Request.
  Time since last request: 0.000031 seconds.
  path: Assets/Tiles/tilemap_packed_4.asset
  artifactKey: Guid(124444332c32ad145bb6f3d99893ffd5) Importer(815301076,1909f56bfc062723c751e8b465ee728b)
Start importing Assets/Tiles/tilemap_packed_4.asset using Guid(124444332c32ad145bb6f3d99893ffd5) Importer(815301076,1909f56bfc062723c751e8b465ee728b) [PhysX] Initialized MultithreadedTaskDispatcher with 16 workers.
 -> (artifact id: 'db67c044b53a26acae97bb6748baf32f') in 0.012484 seconds
Number of updated asset objects reloaded before import = 0
Number of asset objects unloaded after import = 3
========================================================================
Received Import Request.
  Time since last request: 0.000031 seconds.
  path: Assets/Tiles/tilemap_packed_24.asset
  artifactKey: Guid(56817d215659e0441bed77c5913d4f11) Importer(815301076,1909f56bfc062723c751e8b465ee728b)
Start importing Assets/Tiles/tilemap_packed_24.asset using Guid(56817d215659e0441bed77c5913d4f11) Importer(815301076,1909f56bfc062723c751e8b465ee728b) [PhysX] Initialized MultithreadedTaskDispatcher with 16 workers.
 -> (artifact id: '871b27e3d4d85a6b19b5ccab64f51391') in 0.013675 seconds
Number of updated asset objects reloaded before import = 0
Number of asset objects unloaded after import = 3
========================================================================
Received Import Request.
  Time since last request: 0.000021 seconds.
  path: Assets/Tiles/tilemap_packed_30.asset
  artifactKey: Guid(9f1d708e7ed3fe745ad0bfce2c1e396e) Importer(815301076,1909f56bfc062723c751e8b465ee728b)
Start importing Assets/Tiles/tilemap_packed_30.asset using Guid(9f1d708e7ed3fe745ad0bfce2c1e396e) Importer(815301076,1909f56bfc062723c751e8b465ee728b) [PhysX] Initialized MultithreadedTaskDispatcher with 16 workers.
 -> (artifact id: '5440711cd85a2c06dd9c4a0b2939587f') in 0.010908 seconds
Number of updated asset objects reloaded before import = 0
Number of asset objects unloaded after import = 3
========================================================================
Received Import Request.
  Time since last request: 0.000026 seconds.
  path: Assets/Tiles/tilemap_packed_23.asset
  artifactKey: Guid(d26b5c85246db2f418605732e8d33ea0) Importer(815301076,1909f56bfc062723c751e8b465ee728b)
Start importing Assets/Tiles/tilemap_packed_23.asset using Guid(d26b5c85246db2f418605732e8d33ea0) Importer(815301076,1909f56bfc062723c751e8b465ee728b) [PhysX] Initialized MultithreadedTaskDispatcher with 16 workers.
 -> (artifact id: '3df64e67ee85a377306e55a5000765ff') in 0.011915 seconds
Number of updated asset objects reloaded before import = 0
Number of asset objects unloaded after import = 3
========================================================================
Received Import Request.
  Time since last request: 0.000023 seconds.
  path: Assets/Tiles/tilemap_packed_28.asset
  artifactKey: Guid(b9efe83656965cd419792366a65a0974) Importer(815301076,1909f56bfc062723c751e8b465ee728b)
Start importing Assets/Tiles/tilemap_packed_28.asset using Guid(b9efe83656965cd419792366a65a0974) Importer(815301076,1909f56bfc062723c751e8b465ee728b) [PhysX] Initialized MultithreadedTaskDispatcher with 16 workers.
 -> (artifact id: 'f90ee776c97e026d34ff27b32bcf23f0') in 0.013408 seconds
Number of updated asset objects reloaded before import = 0
Number of asset objects unloaded after import = 3
========================================================================
Received Import Request.
  Time since last request: 0.000026 seconds.
  path: Assets/Tiles/tilemap_packed_2.asset
  artifactKey: Guid(7f21d10af180cc24384cb144461564b7) Importer(815301076,1909f56bfc062723c751e8b465ee728b)
Start importing Assets/Tiles/tilemap_packed_2.asset using Guid(7f21d10af180cc24384cb144461564b7) Importer(815301076,1909f56bfc062723c751e8b465ee728b) [PhysX] Initialized MultithreadedTaskDispatcher with 16 workers.
 -> (artifact id: 'c390292600a69b1fa440f6194d97a3c4') in 0.012414 seconds
Number of updated asset objects reloaded before import = 0
Number of asset objects unloaded after import = 3
========================================================================
Received Import Request.
  Time since last request: 0.000034 seconds.
  path: Assets/Tiles/tilemap_packed_38.asset
  artifactKey: Guid(edb758dbfc80f264fb842becb8f655a9) Importer(815301076,1909f56bfc062723c751e8b465ee728b)
Start importing Assets/Tiles/tilemap_packed_38.asset using Guid(edb758dbfc80f264fb842becb8f655a9) Importer(815301076,1909f56bfc062723c751e8b465ee728b) [PhysX] Initialized MultithreadedTaskDispatcher with 16 workers.
 -> (artifact id: '3883ba4fca89b3864e5c0eb90bdaaa29') in 0.012052 seconds
Number of updated asset objects reloaded before import = 0
Number of asset objects unloaded after import = 3
========================================================================
Received Import Request.
  Time since last request: 0.000024 seconds.
  path: Assets/Tiles/tilemap_packed_26.asset
  artifactKey: Guid(155e43f8856ef9442979bab9d8ff3b43) Importer(815301076,1909f56bfc062723c751e8b465ee728b)
Start importing Assets/Tiles/tilemap_packed_26.asset using Guid(155e43f8856ef9442979bab9d8ff3b43) Importer(815301076,1909f56bfc062723c751e8b465ee728b) [PhysX] Initialized MultithreadedTaskDispatcher with 16 workers.
 -> (artifact id: '4c368c0cc25c95d903bfe7210ceef1b2') in 0.011862 seconds
Number of updated asset objects reloaded before import = 0
Number of asset objects unloaded after import = 3
========================================================================
Received Import Request.
  Time since last request: 0.000023 seconds.
  path: Assets/Tiles/tilemap_packed_8.asset
  artifactKey: Guid(60f5b840aa27b274687fb10caf567546) Importer(815301076,1909f56bfc062723c751e8b465ee728b)
Start importing Assets/Tiles/tilemap_packed_8.asset using Guid(60f5b840aa27b274687fb10caf567546) Importer(815301076,1909f56bfc062723c751e8b465ee728b) [PhysX] Initialized MultithreadedTaskDispatcher with 16 workers.
 -> (artifact id: 'bceed795c9dbd2445dea98679034625d') in 0.011681 seconds
Number of updated asset objects reloaded before import = 0
Number of asset objects unloaded after import = 3
========================================================================
Received Import Request.
  Time since last request: 0.000028 seconds.
  path: Assets/Tiles/tilemap_packed_39.asset
  artifactKey: Guid(7617c66d6968f91459db1908dd64d477) Importer(815301076,1909f56bfc062723c751e8b465ee728b)
Start importing Assets/Tiles/tilemap_packed_39.asset using Guid(7617c66d6968f91459db1908dd64d477) Importer(815301076,1909f56bfc062723c751e8b465ee728b) [PhysX] Initialized MultithreadedTaskDispatcher with 16 workers.
 -> (artifact id: '456e334d43893b84a89869e30e2162f5') in 0.012007 seconds
Number of updated asset objects reloaded before import = 0
Number of asset objects unloaded after import = 3
========================================================================
Received Import Request.
  Time since last request: 0.000022 seconds.
  path: Assets/Tiles/tilemap_packed_17.asset
  artifactKey: Guid(a7ca04c05c1c110469a7e39793a67296) Importer(815301076,1909f56bfc062723c751e8b465ee728b)
Start importing Assets/Tiles/tilemap_packed_17.asset using Guid(a7ca04c05c1c110469a7e39793a67296) Importer(815301076,1909f56bfc062723c751e8b465ee728b) [PhysX] Initialized MultithreadedTaskDispatcher with 16 workers.
 -> (artifact id: 'de8704caf78e3b9673a1281fcb94beed') in 0.010776 seconds
Number of updated asset objects reloaded before import = 0
Number of asset objects unloaded after import = 3
========================================================================
Received Import Request.
  Time since last request: 0.724187 seconds.
  path: Assets/Tiles/tilemap_packed_41.asset
  artifactKey: Guid(969a059ca208f82438db6b1c2a394fff) Importer(815301076,1909f56bfc062723c751e8b465ee728b)
Start importing Assets/Tiles/tilemap_packed_41.asset using Guid(969a059ca208f82438db6b1c2a394fff) Importer(815301076,1909f56bfc062723c751e8b465ee728b) [PhysX] Initialized MultithreadedTaskDispatcher with 16 workers.
 -> (artifact id: '5a41a83388d24654a1a2f6a616c793e2') in 0.010617 seconds
Number of updated asset objects reloaded before import = 0
Number of asset objects unloaded after import = 3
========================================================================
Received Import Request.
  Time since last request: 0.000017 seconds.
  path: Assets/Tiles/tilemap_packed_44.asset
  artifactKey: Guid(0068a4f454b8ebc4cbfdca64c58f5c08) Importer(815301076,1909f56bfc062723c751e8b465ee728b)
Start importing Assets/Tiles/tilemap_packed_44.asset using Guid(0068a4f454b8ebc4cbfdca64c58f5c08) Importer(815301076,1909f56bfc062723c751e8b465ee728b) [PhysX] Initialized MultithreadedTaskDispatcher with 16 workers.
 -> (artifact id: '136891a8eecf5ac9e5c7c2d329e76245') in 0.010797 seconds
Number of updated asset objects reloaded before import = 0
Number of asset objects unloaded after import = 3
========================================================================
Received Import Request.
  Time since last request: 0.000020 seconds.
  path: Assets/Tiles/tilemap_packed_43.asset
  artifactKey: Guid(d6485013d38e3c8409526be6f12ea060) Importer(815301076,1909f56bfc062723c751e8b465ee728b)
Start importing Assets/Tiles/tilemap_packed_43.asset using Guid(d6485013d38e3c8409526be6f12ea060) Importer(815301076,1909f56bfc062723c751e8b465ee728b) [PhysX] Initialized MultithreadedTaskDispatcher with 16 workers.
 -> (artifact id: '5fe1de0a53eba0fccac1d7d338a3bfb6') in 0.011710 seconds
Number of updated asset objects reloaded before import = 0
Number of asset objects unloaded after import = 3
========================================================================
Received Import Request.
  Time since last request: 0.000019 seconds.
  path: Assets/Tiles/tilemap_packed_42.asset
  artifactKey: Guid(6a6b6c78149e18e4b974312f9f6f8065) Importer(815301076,1909f56bfc062723c751e8b465ee728b)
Start importing Assets/Tiles/tilemap_packed_42.asset using Guid(6a6b6c78149e18e4b974312f9f6f8065) Importer(815301076,1909f56bfc062723c751e8b465ee728b) [PhysX] Initialized MultithreadedTaskDispatcher with 16 workers.
 -> (artifact id: 'b5fe5c596c54a897d8bc01ff14f12473') in 0.014226 seconds
Number of updated asset objects reloaded before import = 0
Number of asset objects unloaded after import = 3
========================================================================
Received Import Request.
  Time since last request: 0.000024 seconds.
  path: Assets/Tiles/tilemap_packed_49.asset
  artifactKey: Guid(169b9643623b8564b8613dc821cf39b3) Importer(815301076,1909f56bfc062723c751e8b465ee728b)
Start importing Assets/Tiles/tilemap_packed_49.asset using Guid(169b9643623b8564b8613dc821cf39b3) Importer(815301076,1909f56bfc062723c751e8b465ee728b) [PhysX] Initialized MultithreadedTaskDispatcher with 16 workers.
 -> (artifact id: 'f9cd7d66ac373e57d3ef0c924b1a2da8') in 0.015517 seconds
Number of updated asset objects reloaded before import = 0
Number of asset objects unloaded after import = 3
========================================================================
Received Import Request.
  Time since last request: 0.000024 seconds.
  path: Assets/Tiles/tilemap_packed_50.asset
  artifactKey: Guid(87a17eb305f140c49a769071cd430f64) Importer(815301076,1909f56bfc062723c751e8b465ee728b)
Start importing Assets/Tiles/tilemap_packed_50.asset using Guid(87a17eb305f140c49a769071cd430f64) Importer(815301076,1909f56bfc062723c751e8b465ee728b) [PhysX] Initialized MultithreadedTaskDispatcher with 16 workers.
 -> (artifact id: 'b34109aa44ff36d0da5ae0b158d6d317') in 0.011769 seconds
Number of updated asset objects reloaded before import = 0
Number of asset objects unloaded after import = 3
========================================================================
Received Import Request.
  Time since last request: 0.000030 seconds.
  path: Assets/Tiles/tilemap_packed_52.asset
  artifactKey: Guid(0c1422ec0ac2c0d4ba2ab5f0e9f726e0) Importer(815301076,1909f56bfc062723c751e8b465ee728b)
Start importing Assets/Tiles/tilemap_packed_52.asset using Guid(0c1422ec0ac2c0d4ba2ab5f0e9f726e0) Importer(815301076,1909f56bfc062723c751e8b465ee728b) [PhysX] Initialized MultithreadedTaskDispatcher with 16 workers.
 -> (artifact id: '3ffda6e7747594701e05d15bfa0afc7c') in 0.010947 seconds
Number of updated asset objects reloaded before import = 0
Number of asset objects unloaded after import = 3
========================================================================
Received Import Request.
  Time since last request: 0.294666 seconds.
  path: Assets/Tiles/tilemap_packed_54.asset
  artifactKey: Guid(6beb13dbe265bab4cb9716104457626e) Importer(815301076,1909f56bfc062723c751e8b465ee728b)
Start importing Assets/Tiles/tilemap_packed_54.asset using Guid(6beb13dbe265bab4cb9716104457626e) Importer(815301076,1909f56bfc062723c751e8b465ee728b) [PhysX] Initialized MultithreadedTaskDispatcher with 16 workers.
 -> (artifact id: 'e11d5a0a7b462aa32db397d43c0a47dc') in 0.009743 seconds
Number of updated asset objects reloaded before import = 0
Number of asset objects unloaded after import = 3
========================================================================
Received Import Request.
  Time since last request: 0.000023 seconds.
  path: Assets/Tiles/tilemap_packed_64.asset
  artifactKey: Guid(055bde94b57180140b4b5f198a863031) Importer(815301076,1909f56bfc062723c751e8b465ee728b)
Start importing Assets/Tiles/tilemap_packed_64.asset using Guid(055bde94b57180140b4b5f198a863031) Importer(815301076,1909f56bfc062723c751e8b465ee728b) [PhysX] Initialized MultithreadedTaskDispatcher with 16 workers.
 -> (artifact id: 'ed8c7abe46ae3d12ac6c0d4fd68a24c1') in 0.011216 seconds
Number of updated asset objects reloaded before import = 0
Number of asset objects unloaded after import = 3
========================================================================
Received Import Request.
  Time since last request: 0.007573 seconds.
  path: Assets/Tiles/tilemap_packed_59.asset
  artifactKey: Guid(ec2346ef4e5e6104f84acf971fb66602) Importer(815301076,1909f56bfc062723c751e8b465ee728b)
Start importing Assets/Tiles/tilemap_packed_59.asset using Guid(ec2346ef4e5e6104f84acf971fb66602) Importer(815301076,1909f56bfc062723c751e8b465ee728b) [PhysX] Initialized MultithreadedTaskDispatcher with 16 workers.
 -> (artifact id: 'c5ceb8388c55be436c97f73128917bdf') in 0.013059 seconds
Number of updated asset objects reloaded before import = 0
Number of asset objects unloaded after import = 3
========================================================================
Received Import Request.
  Time since last request: 0.000028 seconds.
  path: Assets/Tiles/tilemap_packed_58.asset
  artifactKey: Guid(4587fb195799254409970ba1680a8055) Importer(815301076,1909f56bfc062723c751e8b465ee728b)
Start importing Assets/Tiles/tilemap_packed_58.asset using Guid(4587fb195799254409970ba1680a8055) Importer(815301076,1909f56bfc062723c751e8b465ee728b) [PhysX] Initialized MultithreadedTaskDispatcher with 16 workers.
 -> (artifact id: 'fafef3271b9e9ba159cf4ba47b7c8bcb') in 0.010921 seconds
Number of updated asset objects reloaded before import = 0
Number of asset objects unloaded after import = 3
========================================================================
Received Import Request.
  Time since last request: 0.000017 seconds.
  path: Assets/Tiles/tilemap_packed_56.asset
  artifactKey: Guid(042af71e6d8cf2c4d8dc37b7fd2be679) Importer(815301076,1909f56bfc062723c751e8b465ee728b)
Start importing Assets/Tiles/tilemap_packed_56.asset using Guid(042af71e6d8cf2c4d8dc37b7fd2be679) Importer(815301076,1909f56bfc062723c751e8b465ee728b) [PhysX] Initialized MultithreadedTaskDispatcher with 16 workers.
 -> (artifact id: '7b918246b4ec35f8eb1e373945a6507f') in 0.011813 seconds
Number of updated asset objects reloaded before import = 0
Number of asset objects unloaded after import = 3
========================================================================
Received Import Request.
  Time since last request: 0.000018 seconds.
  path: Assets/Tiles/tilemap_packed_65.asset
  artifactKey: Guid(a306a7135febd6a498890c73dc111bb3) Importer(815301076,1909f56bfc062723c751e8b465ee728b)
Start importing Assets/Tiles/tilemap_packed_65.asset using Guid(a306a7135febd6a498890c73dc111bb3) Importer(815301076,1909f56bfc062723c751e8b465ee728b) [PhysX] Initialized MultithreadedTaskDispatcher with 16 workers.
 -> (artifact id: '7267093a7c59d9ea946665dbbb8dcaf0') in 0.013098 seconds
Number of updated asset objects reloaded before import = 0
Number of asset objects unloaded after import = 3
========================================================================
Received Import Request.
  Time since last request: 0.046142 seconds.
  path: Assets/Tiles/tilemap_packed_67.asset
  artifactKey: Guid(cee56e251fbbed2488d3073e4b03567c) Importer(815301076,1909f56bfc062723c751e8b465ee728b)
Start importing Assets/Tiles/tilemap_packed_67.asset using Guid(cee56e251fbbed2488d3073e4b03567c) Importer(815301076,1909f56bfc062723c751e8b465ee728b) [PhysX] Initialized MultithreadedTaskDispatcher with 16 workers.
 -> (artifact id: '109650389b8e244932e2fd0542e4358f') in 0.009555 seconds
Number of updated asset objects reloaded before import = 0
Number of asset objects unloaded after import = 3
========================================================================
Received Import Request.
  Time since last request: 0.000021 seconds.
  path: Assets/Tiles/tilemap_packed_70.asset
  artifactKey: Guid(25ba0927e3daff241a58ea83a774f000) Importer(815301076,1909f56bfc062723c751e8b465ee728b)
Start importing Assets/Tiles/tilemap_packed_70.asset using Guid(25ba0927e3daff241a58ea83a774f000) Importer(815301076,1909f56bfc062723c751e8b465ee728b) [PhysX] Initialized MultithreadedTaskDispatcher with 16 workers.
 -> (artifact id: 'fa911b8669ac53a3d62354e9d9918ee9') in 0.012380 seconds
Number of updated asset objects reloaded before import = 0
Number of asset objects unloaded after import = 3
========================================================================
Received Import Request.
  Time since last request: 0.000026 seconds.
  path: Assets/Tiles/tilemap_packed_78.asset
  artifactKey: Guid(2da8098fe827f8848bf865fb4ab51ac0) Importer(815301076,1909f56bfc062723c751e8b465ee728b)
Start importing Assets/Tiles/tilemap_packed_78.asset using Guid(2da8098fe827f8848bf865fb4ab51ac0) Importer(815301076,1909f56bfc062723c751e8b465ee728b) [PhysX] Initialized MultithreadedTaskDispatcher with 16 workers.
 -> (artifact id: 'd3809d30534eddcf84d15be3f679cbd8') in 0.012589 seconds
Number of updated asset objects reloaded before import = 0
Number of asset objects unloaded after import = 3
========================================================================
Received Import Request.
  Time since last request: 0.000022 seconds.
  path: Assets/Tiles/tilemap_packed_77.asset
  artifactKey: Guid(c40053ef65448dc40ad9eac119d1ec0a) Importer(815301076,1909f56bfc062723c751e8b465ee728b)
Start importing Assets/Tiles/tilemap_packed_77.asset using Guid(c40053ef65448dc40ad9eac119d1ec0a) Importer(815301076,1909f56bfc062723c751e8b465ee728b) [PhysX] Initialized MultithreadedTaskDispatcher with 16 workers.
 -> (artifact id: '91e747ec6c29134f46bc6fe7ca728c01') in 0.011668 seconds
Number of updated asset objects reloaded before import = 0
Number of asset objects unloaded after import = 3
========================================================================
Received Import Request.
  Time since last request: 0.000024 seconds.
  path: Assets/Tiles/tilemap_packed_76.asset
  artifactKey: Guid(68d2597928e82fb40998b94bfa4ea052) Importer(815301076,1909f56bfc062723c751e8b465ee728b)
Start importing Assets/Tiles/tilemap_packed_76.asset using Guid(68d2597928e82fb40998b94bfa4ea052) Importer(815301076,1909f56bfc062723c751e8b465ee728b) [PhysX] Initialized MultithreadedTaskDispatcher with 16 workers.
 -> (artifact id: '41354e36a3337e6fc14a0ebdf4d10713') in 0.011279 seconds
Number of updated asset objects reloaded before import = 0
Number of asset objects unloaded after import = 3
========================================================================
Received Import Request.
  Time since last request: 0.000020 seconds.
  path: Assets/Tiles/tilemap_packed_73.asset
  artifactKey: Guid(49c2f6f3fe129be479971ab4628763c0) Importer(815301076,1909f56bfc062723c751e8b465ee728b)
Start importing Assets/Tiles/tilemap_packed_73.asset using Guid(49c2f6f3fe129be479971ab4628763c0) Importer(815301076,1909f56bfc062723c751e8b465ee728b) [PhysX] Initialized MultithreadedTaskDispatcher with 16 workers.
 -> (artifact id: '10399e4bef5643f3664cba2f4f6d9916') in 0.011574 seconds
Number of updated asset objects reloaded before import = 0
Number of asset objects unloaded after import = 3
========================================================================
Received Import Request.
  Time since last request: 0.000024 seconds.
  path: Assets/Tiles/tilemap_packed_72.asset
  artifactKey: Guid(280af871e2883d34782fe6520c849522) Importer(815301076,1909f56bfc062723c751e8b465ee728b)
Start importing Assets/Tiles/tilemap_packed_72.asset using Guid(280af871e2883d34782fe6520c849522) Importer(815301076,1909f56bfc062723c751e8b465ee728b) [PhysX] Initialized MultithreadedTaskDispatcher with 16 workers.
 -> (artifact id: '1a4f46d4ae7e8f44e7e44d4f48137ee8') in 0.013380 seconds
Number of updated asset objects reloaded before import = 0
Number of asset objects unloaded after import = 3
========================================================================
Received Import Request.
  Time since last request: 0.042879 seconds.
  path: Assets/Tiles/tilemap_packed_80.asset
  artifactKey: Guid(0edd1915f70639046b143316413d8ab1) Importer(815301076,1909f56bfc062723c751e8b465ee728b)
Start importing Assets/Tiles/tilemap_packed_80.asset using Guid(0edd1915f70639046b143316413d8ab1) Importer(815301076,1909f56bfc062723c751e8b465ee728b) [PhysX] Initialized MultithreadedTaskDispatcher with 16 workers.
 -> (artifact id: '724d22abc1fb578947d93faff7b61751') in 0.009638 seconds
Number of updated asset objects reloaded before import = 0
Number of asset objects unloaded after import = 3
========================================================================
Received Import Request.
  Time since last request: 0.000024 seconds.
  path: Assets/Tiles/tilemap_packed_81.asset
  artifactKey: Guid(2e312d6c6de3dc443a2f4f3b5a59b75a) Importer(815301076,1909f56bfc062723c751e8b465ee728b)
Start importing Assets/Tiles/tilemap_packed_81.asset using Guid(2e312d6c6de3dc443a2f4f3b5a59b75a) Importer(815301076,1909f56bfc062723c751e8b465ee728b) [PhysX] Initialized MultithreadedTaskDispatcher with 16 workers.
 -> (artifact id: 'b2a88b0086cd7b9df39c93061c2bf047') in 0.011466 seconds
Number of updated asset objects reloaded before import = 0
Number of asset objects unloaded after import = 3
========================================================================
Received Import Request.
  Time since last request: 0.000026 seconds.
  path: Assets/Tiles/tilemap_packed_84.asset
  artifactKey: Guid(624b992c9e40d5f409385ff4dd816d09) Importer(815301076,1909f56bfc062723c751e8b465ee728b)
Start importing Assets/Tiles/tilemap_packed_84.asset using Guid(624b992c9e40d5f409385ff4dd816d09) Importer(815301076,1909f56bfc062723c751e8b465ee728b) [PhysX] Initialized MultithreadedTaskDispatcher with 16 workers.
 -> (artifact id: 'ffa853d1cbe4fa684b7acd4a9005d269') in 0.011947 seconds
Number of updated asset objects reloaded before import = 0
Number of asset objects unloaded after import = 3
========================================================================
Received Import Request.
  Time since last request: 0.000018 seconds.
  path: Assets/Tiles/tilemap_packed_83.asset
  artifactKey: Guid(37d187902f2f69d4f94535d1db858aea) Importer(815301076,1909f56bfc062723c751e8b465ee728b)
Start importing Assets/Tiles/tilemap_packed_83.asset using Guid(37d187902f2f69d4f94535d1db858aea) Importer(815301076,1909f56bfc062723c751e8b465ee728b) [PhysX] Initialized MultithreadedTaskDispatcher with 16 workers.
 -> (artifact id: 'b22a9937083ca8e0c482944a1ea41726') in 0.010115 seconds
Number of updated asset objects reloaded before import = 0
Number of asset objects unloaded after import = 3
========================================================================
Received Import Request.
  Time since last request: 0.000020 seconds.
  path: Assets/Tiles/tilemap_packed_89.asset
  artifactKey: Guid(c0ae78cda80d9cb40acceb9a9c13e08f) Importer(815301076,1909f56bfc062723c751e8b465ee728b)
Start importing Assets/Tiles/tilemap_packed_89.asset using Guid(c0ae78cda80d9cb40acceb9a9c13e08f) Importer(815301076,1909f56bfc062723c751e8b465ee728b) [PhysX] Initialized MultithreadedTaskDispatcher with 16 workers.
 -> (artifact id: '6b0d0d95ce8df3625c4ec09e78e7b996') in 0.013206 seconds
Number of updated asset objects reloaded before import = 0
Number of asset objects unloaded after import = 3
========================================================================
Received Import Request.
  Time since last request: 0.000020 seconds.
  path: Assets/Tiles/tilemap_packed_88.asset
  artifactKey: Guid(de1617b206d3350499160bb6efdc9ae8) Importer(815301076,1909f56bfc062723c751e8b465ee728b)
Start importing Assets/Tiles/tilemap_packed_88.asset using Guid(de1617b206d3350499160bb6efdc9ae8) Importer(815301076,1909f56bfc062723c751e8b465ee728b) [PhysX] Initialized MultithreadedTaskDispatcher with 16 workers.
 -> (artifact id: 'd1c6d1c757252a4105ba272b29041e70') in 0.012306 seconds
Number of updated asset objects reloaded before import = 0
Number of asset objects unloaded after import = 3
========================================================================
Received Import Request.
  Time since last request: 0.000038 seconds.
  path: Assets/Tiles/tilemap_packed_91.asset
  artifactKey: Guid(eac6c21da2174854ea5cd5a7a0c09c70) Importer(815301076,1909f56bfc062723c751e8b465ee728b)
Start importing Assets/Tiles/tilemap_packed_91.asset using Guid(eac6c21da2174854ea5cd5a7a0c09c70) Importer(815301076,1909f56bfc062723c751e8b465ee728b) [PhysX] Initialized MultithreadedTaskDispatcher with 16 workers.
 -> (artifact id: 'b955c3f330f0c00f36e8fa54dc654d2f') in 0.014672 seconds
Number of updated asset objects reloaded before import = 0
Number of asset objects unloaded after import = 3
========================================================================
Received Import Request.
  Time since last request: 0.270036 seconds.
  path: Assets/Tiles/tilemap_packed_93.asset
  artifactKey: Guid(2faaf0bde82b86341b5368efceb39e6b) Importer(815301076,1909f56bfc062723c751e8b465ee728b)
Start importing Assets/Tiles/tilemap_packed_93.asset using Guid(2faaf0bde82b86341b5368efceb39e6b) Importer(815301076,1909f56bfc062723c751e8b465ee728b) [PhysX] Initialized MultithreadedTaskDispatcher with 16 workers.
 -> (artifact id: '928400db5c50531e9468a6f898100c24') in 0.010244 seconds
Number of updated asset objects reloaded before import = 0
Number of asset objects unloaded after import = 3
========================================================================
Received Import Request.
  Time since last request: 0.000022 seconds.
  path: Assets/Tiles/tilemap_packed_97.asset
  artifactKey: Guid(5f9e7386a7f3cdd4789a60edc829846c) Importer(815301076,1909f56bfc062723c751e8b465ee728b)
Start importing Assets/Tiles/tilemap_packed_97.asset using Guid(5f9e7386a7f3cdd4789a60edc829846c) Importer(815301076,1909f56bfc062723c751e8b465ee728b) [PhysX] Initialized MultithreadedTaskDispatcher with 16 workers.
 -> (artifact id: '31c4759966d4381fbff1547bd9a11bba') in 0.011165 seconds
Number of updated asset objects reloaded before import = 0
Number of asset objects unloaded after import = 3
========================================================================
Received Import Request.
  Time since last request: 0.000024 seconds.
  path: Assets/Tiles/tilemap_packed_95.asset
  artifactKey: Guid(b60ef64e900c7364eac3e2484e0d20c2) Importer(815301076,1909f56bfc062723c751e8b465ee728b)
Start importing Assets/Tiles/tilemap_packed_95.asset using Guid(b60ef64e900c7364eac3e2484e0d20c2) Importer(815301076,1909f56bfc062723c751e8b465ee728b) [PhysX] Initialized MultithreadedTaskDispatcher with 16 workers.
 -> (artifact id: '0e5380f15a31417fb66c7f2056dcb989') in 0.010127 seconds
Number of updated asset objects reloaded before import = 0
Number of asset objects unloaded after import = 3
========================================================================
Received Import Request.
  Time since last request: 0.000023 seconds.
  path: Assets/Tiles/tilemap_packed_98.asset
  artifactKey: Guid(f148c4dc447bbd94cb9162f3b8e07909) Importer(815301076,1909f56bfc062723c751e8b465ee728b)
Start importing Assets/Tiles/tilemap_packed_98.asset using Guid(f148c4dc447bbd94cb9162f3b8e07909) Importer(815301076,1909f56bfc062723c751e8b465ee728b) [PhysX] Initialized MultithreadedTaskDispatcher with 16 workers.
 -> (artifact id: 'd6913392082c8a6829151c4f72f7e200') in 0.012189 seconds
Number of updated asset objects reloaded before import = 0
Number of asset objects unloaded after import = 3
========================================================================
Received Import Request.
  Time since last request: 0.000027 seconds.
  path: Assets/Tiles/tilemap_packed_101.asset
  artifactKey: Guid(68bb3c4d5d64e00458442a48738135b2) Importer(815301076,1909f56bfc062723c751e8b465ee728b)
Start importing Assets/Tiles/tilemap_packed_101.asset using Guid(68bb3c4d5d64e00458442a48738135b2) Importer(815301076,1909f56bfc062723c751e8b465ee728b) [PhysX] Initialized MultithreadedTaskDispatcher with 16 workers.
 -> (artifact id: 'eb15c81c316894949b93d7ac6f74775d') in 0.011607 seconds
Number of updated asset objects reloaded before import = 0
Number of asset objects unloaded after import = 3
========================================================================
Received Import Request.
  Time since last request: 0.000022 seconds.
  path: Assets/Tiles/tilemap_packed_94.asset
  artifactKey: Guid(caa7edbae0d76bb4b802e2ca934eccb9) Importer(815301076,1909f56bfc062723c751e8b465ee728b)
Start importing Assets/Tiles/tilemap_packed_94.asset using Guid(caa7edbae0d76bb4b802e2ca934eccb9) Importer(815301076,1909f56bfc062723c751e8b465ee728b) [PhysX] Initialized MultithreadedTaskDispatcher with 16 workers.
 -> (artifact id: '1752f285c8890957dd62de9aa214cf59') in 0.010599 seconds
Number of updated asset objects reloaded before import = 0
Number of asset objects unloaded after import = 3
========================================================================
Received Import Request.
  Time since last request: 0.000031 seconds.
  path: Assets/Tiles/tilemap_packed_108.asset
  artifactKey: Guid(cd768e40c27d7044d92b0a9b25fb323c) Importer(815301076,1909f56bfc062723c751e8b465ee728b)
Start importing Assets/Tiles/tilemap_packed_108.asset using Guid(cd768e40c27d7044d92b0a9b25fb323c) Importer(815301076,1909f56bfc062723c751e8b465ee728b) [PhysX] Initialized MultithreadedTaskDispatcher with 16 workers.
 -> (artifact id: '4cfff74af11ce26efff911d1ab41b111') in 0.010201 seconds
Number of updated asset objects reloaded before import = 0
Number of asset objects unloaded after import = 3
========================================================================
Received Import Request.
  Time since last request: 0.000021 seconds.
  path: Assets/Tiles/tilemap_packed_107.asset
  artifactKey: Guid(29cc413e006beba4eaf8c455d1182fd1) Importer(815301076,1909f56bfc062723c751e8b465ee728b)
Start importing Assets/Tiles/tilemap_packed_107.asset using Guid(29cc413e006beba4eaf8c455d1182fd1) Importer(815301076,1909f56bfc062723c751e8b465ee728b) [PhysX] Initialized MultithreadedTaskDispatcher with 16 workers.
 -> (artifact id: '654595ec097d89f03315adac74346839') in 0.011825 seconds
Number of updated asset objects reloaded before import = 0
Number of asset objects unloaded after import = 3
========================================================================
Received Import Request.
  Time since last request: 0.000030 seconds.
  path: Assets/Tiles/tilemap_packed_123.asset
  artifactKey: Guid(5a403e1aae0aa2941b9fb24d77881702) Importer(815301076,1909f56bfc062723c751e8b465ee728b)
Start importing Assets/Tiles/tilemap_packed_123.asset using Guid(5a403e1aae0aa2941b9fb24d77881702) Importer(815301076,1909f56bfc062723c751e8b465ee728b) [PhysX] Initialized MultithreadedTaskDispatcher with 16 workers.
 -> (artifact id: 'b2d1929b40cea245edfd17b4f777b67d') in 0.011573 seconds
Number of updated asset objects reloaded before import = 0
Number of asset objects unloaded after import = 3
========================================================================
Received Import Request.
  Time since last request: 0.000026 seconds.
  path: Assets/Tiles/tilemap_packed_120.asset
  artifactKey: Guid(7b7612117979fb14d8cfc52d0708bea3) Importer(815301076,1909f56bfc062723c751e8b465ee728b)
Start importing Assets/Tiles/tilemap_packed_120.asset using Guid(7b7612117979fb14d8cfc52d0708bea3) Importer(815301076,1909f56bfc062723c751e8b465ee728b) [PhysX] Initialized MultithreadedTaskDispatcher with 16 workers.
 -> (artifact id: '970bbcf3ce20945d910adb770a93e654') in 0.011279 seconds
Number of updated asset objects reloaded before import = 0
Number of asset objects unloaded after import = 3
========================================================================
Received Import Request.
  Time since last request: 0.000024 seconds.
  path: Assets/Tiles/tilemap_packed_130.asset
  artifactKey: Guid(dbfc0448a45f0914aac107f8eea64706) Importer(815301076,1909f56bfc062723c751e8b465ee728b)
Start importing Assets/Tiles/tilemap_packed_130.asset using Guid(dbfc0448a45f0914aac107f8eea64706) Importer(815301076,1909f56bfc062723c751e8b465ee728b) [PhysX] Initialized MultithreadedTaskDispatcher with 16 workers.
 -> (artifact id: '922e6818e06d88ec7775e2419c594f1b') in 0.011997 seconds
Number of updated asset objects reloaded before import = 0
Number of asset objects unloaded after import = 3
========================================================================
Received Import Request.
  Time since last request: 0.000023 seconds.
  path: Assets/Tiles/tilemap_packed_116.asset
  artifactKey: Guid(d2a0fdfc0f7acb147932e700ed1348de) Importer(815301076,1909f56bfc062723c751e8b465ee728b)
Start importing Assets/Tiles/tilemap_packed_116.asset using Guid(d2a0fdfc0f7acb147932e700ed1348de) Importer(815301076,1909f56bfc062723c751e8b465ee728b) [PhysX] Initialized MultithreadedTaskDispatcher with 16 workers.
 -> (artifact id: '34cc45935a0c1bee8ab0308737981c4a') in 0.011893 seconds
Number of updated asset objects reloaded before import = 0
Number of asset objects unloaded after import = 3
========================================================================
Received Import Request.
  Time since last request: 0.000034 seconds.
  path: Assets/Tiles/tilemap_packed_124.asset
  artifactKey: Guid(026047ec4d6c0f843848a43294d307fd) Importer(815301076,1909f56bfc062723c751e8b465ee728b)
Start importing Assets/Tiles/tilemap_packed_124.asset using Guid(026047ec4d6c0f843848a43294d307fd) Importer(815301076,1909f56bfc062723c751e8b465ee728b) [PhysX] Initialized MultithreadedTaskDispatcher with 16 workers.
 -> (artifact id: '0a3d6377f6ff41ff7127fb2939ce87a7') in 0.010400 seconds
Number of updated asset objects reloaded before import = 0
Number of asset objects unloaded after import = 3
========================================================================
Received Import Request.
  Time since last request: 0.000022 seconds.
  path: Assets/Tiles/tilemap_packed_109.asset
  artifactKey: Guid(d0954c91af477384fac713f0c867129a) Importer(815301076,1909f56bfc062723c751e8b465ee728b)
Start importing Assets/Tiles/tilemap_packed_109.asset using Guid(d0954c91af477384fac713f0c867129a) Importer(815301076,1909f56bfc062723c751e8b465ee728b) [PhysX] Initialized MultithreadedTaskDispatcher with 16 workers.
 -> (artifact id: 'fe083461d9bc888068c55057da91d45b') in 0.012193 seconds
Number of updated asset objects reloaded before import = 0
Number of asset objects unloaded after import = 3
========================================================================
Received Import Request.
  Time since last request: 0.000023 seconds.
  path: Assets/Tiles/tilemap_packed_106.asset
  artifactKey: Guid(dc655d4d5f6bad9459dfbbdbfac2587b) Importer(815301076,1909f56bfc062723c751e8b465ee728b)
Start importing Assets/Tiles/tilemap_packed_106.asset using Guid(dc655d4d5f6bad9459dfbbdbfac2587b) Importer(815301076,1909f56bfc062723c751e8b465ee728b) [PhysX] Initialized MultithreadedTaskDispatcher with 16 workers.
 -> (artifact id: '9e141bfedf64b6133babfbdfa4e3f6b2') in 0.012244 seconds
Number of updated asset objects reloaded before import = 0
Number of asset objects unloaded after import = 3
========================================================================
Received Import Request.
  Time since last request: 0.000023 seconds.
  path: Assets/Tiles/tilemap_packed_117.asset
  artifactKey: Guid(9cfe147af28513144b952a503ce97943) Importer(815301076,1909f56bfc062723c751e8b465ee728b)
Start importing Assets/Tiles/tilemap_packed_117.asset using Guid(9cfe147af28513144b952a503ce97943) Importer(815301076,1909f56bfc062723c751e8b465ee728b) [PhysX] Initialized MultithreadedTaskDispatcher with 16 workers.
 -> (artifact id: '66d2e0b5fd9d31f4f285a629f8c5f1c1') in 0.012354 seconds
Number of updated asset objects reloaded before import = 0
Number of asset objects unloaded after import = 3
========================================================================
Received Import Request.
  Time since last request: 0.000025 seconds.
  path: Assets/Tiles/tilemap_packed_126.asset
  artifactKey: Guid(9eebbe55bad088045bec926669db6bd0) Importer(815301076,1909f56bfc062723c751e8b465ee728b)
Start importing Assets/Tiles/tilemap_packed_126.asset using Guid(9eebbe55bad088045bec926669db6bd0) Importer(815301076,1909f56bfc062723c751e8b465ee728b) [PhysX] Initialized MultithreadedTaskDispatcher with 16 workers.
 -> (artifact id: '6ee764668c7402035c69aa835215fb5b') in 0.011392 seconds
Number of updated asset objects reloaded before import = 0
Number of asset objects unloaded after import = 3
========================================================================
Received Import Request.
  Time since last request: 0.000032 seconds.
  path: Assets/Tiles/tilemap_packed_122.asset
  artifactKey: Guid(c161b9b01220ab84d84e43906f7606e3) Importer(815301076,1909f56bfc062723c751e8b465ee728b)
Start importing Assets/Tiles/tilemap_packed_122.asset using Guid(c161b9b01220ab84d84e43906f7606e3) Importer(815301076,1909f56bfc062723c751e8b465ee728b) [PhysX] Initialized MultithreadedTaskDispatcher with 16 workers.
 -> (artifact id: '48854510efb6ee64e1059c816a77795d') in 0.010918 seconds
Number of updated asset objects reloaded before import = 0
Number of asset objects unloaded after import = 3
========================================================================
Received Import Request.
  Time since last request: 0.000021 seconds.
  path: Assets/Tiles/tilemap_packed_100.asset
  artifactKey: Guid(5b96e684f2665784b8fe522acf37daf9) Importer(815301076,1909f56bfc062723c751e8b465ee728b)
Start importing Assets/Tiles/tilemap_packed_100.asset using Guid(5b96e684f2665784b8fe522acf37daf9) Importer(815301076,1909f56bfc062723c751e8b465ee728b) [PhysX] Initialized MultithreadedTaskDispatcher with 16 workers.
 -> (artifact id: '1bc250a878f7f3b5af71599cec792731') in 0.012335 seconds
Number of updated asset objects reloaded before import = 0
Number of asset objects unloaded after import = 3
========================================================================
Received Import Request.
  Time since last request: 0.108045 seconds.
  path: Assets/Tiles/tilemap_packed_132.asset
  artifactKey: Guid(33117beed5a877640a7fe76db258315a) Importer(815301076,1909f56bfc062723c751e8b465ee728b)
Start importing Assets/Tiles/tilemap_packed_132.asset using Guid(33117beed5a877640a7fe76db258315a) Importer(815301076,1909f56bfc062723c751e8b465ee728b) [PhysX] Initialized MultithreadedTaskDispatcher with 16 workers.
 -> (artifact id: '1d449cbcfbd853588a46c0f29353bec3') in 0.009833 seconds
Number of updated asset objects reloaded before import = 0
Number of asset objects unloaded after import = 3
========================================================================
Received Import Request.
  Time since last request: 0.000024 seconds.
  path: Assets/Tiles/tilemap_packed_141.asset
  artifactKey: Guid(63577c369d3311b4babed5b58637a763) Importer(815301076,1909f56bfc062723c751e8b465ee728b)
Start importing Assets/Tiles/tilemap_packed_141.asset using Guid(63577c369d3311b4babed5b58637a763) Importer(815301076,1909f56bfc062723c751e8b465ee728b) [PhysX] Initialized MultithreadedTaskDispatcher with 16 workers.
 -> (artifact id: '42a1c09c80cfee67e3617b2a8c44966e') in 0.009865 seconds
Number of updated asset objects reloaded before import = 0
Number of asset objects unloaded after import = 3
========================================================================
Received Import Request.
  Time since last request: 0.000031 seconds.
  path: Assets/Tiles/tilemap_packed_152.asset
  artifactKey: Guid(35aac09ce64aeb14cb5c8951d26fff86) Importer(815301076,1909f56bfc062723c751e8b465ee728b)
Start importing Assets/Tiles/tilemap_packed_152.asset using Guid(35aac09ce64aeb14cb5c8951d26fff86) Importer(815301076,1909f56bfc062723c751e8b465ee728b) [PhysX] Initialized MultithreadedTaskDispatcher with 16 workers.
 -> (artifact id: '8808823f2a065a0993e5b9931ac2ddcb') in 0.010755 seconds
Number of updated asset objects reloaded before import = 0
Number of asset objects unloaded after import = 3
========================================================================
Received Import Request.
  Time since last request: 0.000022 seconds.
  path: Assets/Tiles/tilemap_packed_143.asset
  artifactKey: Guid(8f76a3cc11b08dd4baec08feee39d030) Importer(815301076,1909f56bfc062723c751e8b465ee728b)
Start importing Assets/Tiles/tilemap_packed_143.asset using Guid(8f76a3cc11b08dd4baec08feee39d030) Importer(815301076,1909f56bfc062723c751e8b465ee728b) [PhysX] Initialized MultithreadedTaskDispatcher with 16 workers.
 -> (artifact id: '373e14529755aec0575baf360304d16a') in 0.010785 seconds
Number of updated asset objects reloaded before import = 0
Number of asset objects unloaded after import = 3
========================================================================
Received Import Request.
  Time since last request: 0.000018 seconds.
  path: Assets/Tiles/tilemap_packed_138.asset
  artifactKey: Guid(02771303bad47bb488958a95f03ce68c) Importer(815301076,1909f56bfc062723c751e8b465ee728b)
Start importing Assets/Tiles/tilemap_packed_138.asset using Guid(02771303bad47bb488958a95f03ce68c) Importer(815301076,1909f56bfc062723c751e8b465ee728b) [PhysX] Initialized MultithreadedTaskDispatcher with 16 workers.
 -> (artifact id: '175a2990e4e5f6b318857fd9b1c03fae') in 0.011631 seconds
Number of updated asset objects reloaded before import = 0
Number of asset objects unloaded after import = 3
========================================================================
Received Import Request.
  Time since last request: 0.000029 seconds.
  path: Assets/Tiles/tilemap_packed_146.asset
  artifactKey: Guid(0b28af5fb7125a042b85e6ca7ac83559) Importer(815301076,1909f56bfc062723c751e8b465ee728b)
Start importing Assets/Tiles/tilemap_packed_146.asset using Guid(0b28af5fb7125a042b85e6ca7ac83559) Importer(815301076,1909f56bfc062723c751e8b465ee728b) [PhysX] Initialized MultithreadedTaskDispatcher with 16 workers.
 -> (artifact id: '553cd2dcc411440c3fffc9b0690b15bd') in 0.011459 seconds
Number of updated asset objects reloaded before import = 0
Number of asset objects unloaded after import = 3
========================================================================
Received Import Request.
  Time since last request: 0.000026 seconds.
  path: Assets/Tiles/tilemap_packed_142.asset
  artifactKey: Guid(cb45a001e3aeba0479245faefcfdf391) Importer(815301076,1909f56bfc062723c751e8b465ee728b)
Start importing Assets/Tiles/tilemap_packed_142.asset using Guid(cb45a001e3aeba0479245faefcfdf391) Importer(815301076,1909f56bfc062723c751e8b465ee728b) [PhysX] Initialized MultithreadedTaskDispatcher with 16 workers.
 -> (artifact id: '8ea2f3d724971112693725bc76722662') in 0.010926 seconds
Number of updated asset objects reloaded before import = 0
Number of asset objects unloaded after import = 3
========================================================================
Received Import Request.
  Time since last request: 0.000024 seconds.
  path: Assets/Tiles/tilemap_packed_134.asset
  artifactKey: Guid(973682773b84faa4fbe19afe07ab08f5) Importer(815301076,1909f56bfc062723c751e8b465ee728b)
Start importing Assets/Tiles/tilemap_packed_134.asset using Guid(973682773b84faa4fbe19afe07ab08f5) Importer(815301076,1909f56bfc062723c751e8b465ee728b) [PhysX] Initialized MultithreadedTaskDispatcher with 16 workers.
 -> (artifact id: 'ef3db8c30ef47db76009e9e7d93805ca') in 0.011560 seconds
Number of updated asset objects reloaded before import = 0
Number of asset objects unloaded after import = 3
========================================================================
Received Import Request.
  Time since last request: 0.000026 seconds.
  path: Assets/Tiles/tilemap_packed_144.asset
  artifactKey: Guid(24ae66b48330478448801c202dbb3545) Importer(815301076,1909f56bfc062723c751e8b465ee728b)
Start importing Assets/Tiles/tilemap_packed_144.asset using Guid(24ae66b48330478448801c202dbb3545) Importer(815301076,1909f56bfc062723c751e8b465ee728b) [PhysX] Initialized MultithreadedTaskDispatcher with 16 workers.
 -> (artifact id: '86fc242fb16bcafd7c00c7c40637cc69') in 0.012806 seconds
Number of updated asset objects reloaded before import = 0
Number of asset objects unloaded after import = 3
========================================================================
Received Import Request.
  Time since last request: 0.000021 seconds.
  path: Assets/Tiles/tilemap_packed_153.asset
  artifactKey: Guid(616534e71c7b37c4da280acb4c863aa2) Importer(815301076,1909f56bfc062723c751e8b465ee728b)
Start importing Assets/Tiles/tilemap_packed_153.asset using Guid(616534e71c7b37c4da280acb4c863aa2) Importer(815301076,1909f56bfc062723c751e8b465ee728b) [PhysX] Initialized MultithreadedTaskDispatcher with 16 workers.
 -> (artifact id: '5806e2f3582ae96563c68c667e167133') in 0.013027 seconds
Number of updated asset objects reloaded before import = 0
Number of asset objects unloaded after import = 3
========================================================================
Received Import Request.
  Time since last request: 0.000022 seconds.
  path: Assets/Tiles/tilemap_packed_137.asset
  artifactKey: Guid(f8534f48597ae2d45a1406582cb4ce3f) Importer(815301076,1909f56bfc062723c751e8b465ee728b)
Start importing Assets/Tiles/tilemap_packed_137.asset using Guid(f8534f48597ae2d45a1406582cb4ce3f) Importer(815301076,1909f56bfc062723c751e8b465ee728b) [PhysX] Initialized MultithreadedTaskDispatcher with 16 workers.
 -> (artifact id: '63f55f5cb9efc1e92a50442408537abd') in 0.016511 seconds
Number of updated asset objects reloaded before import = 0
Number of asset objects unloaded after import = 3
========================================================================
Received Import Request.
  Time since last request: 0.000019 seconds.
  path: Assets/Tiles/tilemap_packed_155.asset
  artifactKey: Guid(ed294efb4b13e7f49992b0d11f960e47) Importer(815301076,1909f56bfc062723c751e8b465ee728b)
Start importing Assets/Tiles/tilemap_packed_155.asset using Guid(ed294efb4b13e7f49992b0d11f960e47) Importer(815301076,1909f56bfc062723c751e8b465ee728b) [PhysX] Initialized MultithreadedTaskDispatcher with 16 workers.
 -> (artifact id: '603b621d1002f4a1e06f1aca64432e2c') in 0.014149 seconds
Number of updated asset objects reloaded before import = 0
Number of asset objects unloaded after import = 3
========================================================================
Received Import Request.
  Time since last request: 0.000051 seconds.
  path: Assets/Tiles/tilemap_packed_149.asset
  artifactKey: Guid(2d09d97bf65a5d04db2b502e38898c7b) Importer(815301076,1909f56bfc062723c751e8b465ee728b)
Start importing Assets/Tiles/tilemap_packed_149.asset using Guid(2d09d97bf65a5d04db2b502e38898c7b) Importer(815301076,1909f56bfc062723c751e8b465ee728b) [PhysX] Initialized MultithreadedTaskDispatcher with 16 workers.
 -> (artifact id: '378031e017c510bcb721883c1a176c3c') in 0.018989 seconds
Number of updated asset objects reloaded before import = 0
Number of asset objects unloaded after import = 3
